C:\Program Files\Microsoft Visual Studio\2022\Community\MSBuild\Microsoft\VC\v170\Microsoft.CppBuild.targets(1088,5): warning MSB8027: Dois ou mais arquivos com o nome dllmain.cpp produzirão saídas para o mesmo local. Isso pode levar a um resultado de compilação incorreto. Os arquivos envolvidos são dllmain.cpp, framework\dllmain.cpp.
  dllmain.cpp
X:\Thetan\unity-dx11-hook-main\dx11-hook-imgui-menu-base\dx11-hook-imgui-menu-base\appdata\il2cpp-types.h(26750,5): error C2143: erro de sintaxe: '}' ausente antes de 'constante'
X:\Thetan\unity-dx11-hook-main\dx11-hook-imgui-menu-base\dx11-hook-imgui-menu-base\appdata\il2cpp-types.h(26750,5): error C2059: erro de sintaxe: 'constante'
X:\Thetan\unity-dx11-hook-main\dx11-hook-imgui-menu-base\dx11-hook-imgui-menu-base\appdata\il2cpp-types.h(26769,1): error C2143: erro de sintaxe: ';' ausente antes de '}'
X:\Thetan\unity-dx11-hook-main\dx11-hook-imgui-menu-base\dx11-hook-imgui-menu-base\appdata\il2cpp-types.h(26819,28): error C3646: 'value': especificador de substituição desconhecido
X:\Thetan\unity-dx11-hook-main\dx11-hook-imgui-menu-base\dx11-hook-imgui-menu-base\appdata\il2cpp-types.h(26819,33): error C4430: faltando especificador de tipo - int assumido. Observação: C++ não suporta default-int
X:\Thetan\unity-dx11-hook-main\dx11-hook-imgui-menu-base\dx11-hook-imgui-menu-base\appdata\il2cpp-types.h(26893,21): error C3646: 'suffix': especificador de substituição desconhecido
X:\Thetan\unity-dx11-hook-main\dx11-hook-imgui-menu-base\dx11-hook-imgui-menu-base\appdata\il2cpp-types.h(26893,27): error C4430: faltando especificador de tipo - int assumido. Observação: C++ não suporta default-int
X:\Thetan\unity-dx11-hook-main\dx11-hook-imgui-menu-base\dx11-hook-imgui-menu-base\appdata\il2cpp-types.h(27224,38): error C2079: 'DateTimeParse_MatchNumberDelegate__Fields::_' usa struct 'MulticastDelegate__Fields' indefinido
X:\Thetan\unity-dx11-hook-main\dx11-hook-imgui-menu-base\dx11-hook-imgui-menu-base\appdata\il2cpp-types.h(27522,17): error C2079: 'Guid_GuidResult::parsedGuid' usa struct 'Guid' indefinido
X:\Thetan\unity-dx11-hook-main\dx11-hook-imgui-menu-base\dx11-hook-imgui-menu-base\appdata\il2cpp-types.h(27709,36): error C2079: 'IndexOutOfRangeException__Fields::_' usa struct 'SystemException__Fields' indefinido
X:\Thetan\unity-dx11-hook-main\dx11-hook-imgui-menu-base\dx11-hook-imgui-menu-base\appdata\il2cpp-types.h(27748,36): error C2079: 'InsufficientExecutionStackException__Fields::_' usa struct 'SystemException__Fields' indefinido
X:\Thetan\unity-dx11-hook-main\dx11-hook-imgui-menu-base\dx11-hook-imgui-menu-base\appdata\il2cpp-types.h(27787,36): error C2079: 'InvalidCastException__Fields::_' usa struct 'SystemException__Fields' indefinido
X:\Thetan\unity-dx11-hook-main\dx11-hook-imgui-menu-base\dx11-hook-imgui-menu-base\appdata\il2cpp-types.h(27826,36): error C2079: 'InvalidOperationException__Fields::_' usa struct 'SystemException__Fields' indefinido
X:\Thetan\unity-dx11-hook-main\dx11-hook-imgui-menu-base\dx11-hook-imgui-menu-base\appdata\il2cpp-types.h(27865,36): error C2079: 'InvalidProgramException__Fields::_' usa struct 'SystemException__Fields' indefinido
X:\Thetan\unity-dx11-hook-main\dx11-hook-imgui-menu-base\dx11-hook-imgui-menu-base\appdata\il2cpp-types.h(27904,30): error C2079: 'InvalidTimeZoneException__Fields::_' usa struct 'Exception__Fields' indefinido
X:\Thetan\unity-dx11-hook-main\dx11-hook-imgui-menu-base\dx11-hook-imgui-menu-base\appdata\il2cpp-types.h(28024,42): error C2079: 'MethodAccessException__Fields::_' usa struct 'MemberAccessException__Fields' indefinido
X:\Thetan\unity-dx11-hook-main\dx11-hook-imgui-menu-base\dx11-hook-imgui-menu-base\appdata\il2cpp-types.h(28063,42): error C2079: 'MissingMemberException__Fields::_' usa struct 'MemberAccessException__Fields' indefinido
X:\Thetan\unity-dx11-hook-main\dx11-hook-imgui-menu-base\dx11-hook-imgui-menu-base\appdata\il2cpp-types.h(28184,36): error C2079: 'MulticastNotSupportedException__Fields::_' usa struct 'SystemException__Fields' indefinido
X:\Thetan\unity-dx11-hook-main\dx11-hook-imgui-menu-base\dx11-hook-imgui-menu-base\appdata\il2cpp-types.h(28250,36): error C2079: 'NotImplementedException__Fields::_' usa struct 'SystemException__Fields' indefinido
X:\Thetan\unity-dx11-hook-main\dx11-hook-imgui-menu-base\dx11-hook-imgui-menu-base\appdata\il2cpp-types.h(28289,36): error C2079: 'NotSupportedException__Fields::_' usa struct 'SystemException__Fields' indefinido
X:\Thetan\unity-dx11-hook-main\dx11-hook-imgui-menu-base\dx11-hook-imgui-menu-base\appdata\il2cpp-types.h(28328,36): error C2079: 'NullReferenceException__Fields::_' usa struct 'SystemException__Fields' indefinido
X:\Thetan\unity-dx11-hook-main\dx11-hook-imgui-menu-base\dx11-hook-imgui-menu-base\appdata\il2cpp-types.h(28534,36): error C2079: 'OperationCanceledException__Fields::_' usa struct 'SystemException__Fields' indefinido
X:\Thetan\unity-dx11-hook-main\dx11-hook-imgui-menu-base\dx11-hook-imgui-menu-base\appdata\il2cpp-types.h(28535,30): error C2079: 'OperationCanceledException__Fields::_cancellationToken' usa struct 'CancellationToken' indefinido
X:\Thetan\unity-dx11-hook-main\dx11-hook-imgui-menu-base\dx11-hook-imgui-menu-base\appdata\il2cpp-types.h(28574,36): error C2079: 'OutOfMemoryException__Fields::_' usa struct 'SystemException__Fields' indefinido
X:\Thetan\unity-dx11-hook-main\dx11-hook-imgui-menu-base\dx11-hook-imgui-menu-base\appdata\il2cpp-types.h(28613,40): error C2079: 'OverflowException__Fields::_' usa struct 'ArithmeticException__Fields' indefinido
X:\Thetan\unity-dx11-hook-main\dx11-hook-imgui-menu-base\dx11-hook-imgui-menu-base\appdata\il2cpp-types.h(28789,36): error C2079: 'RankException__Fields::_' usa struct 'SystemException__Fields' indefinido
X:\Thetan\unity-dx11-hook-main\dx11-hook-imgui-menu-base\dx11-hook-imgui-menu-base\appdata\il2cpp-types.h(29138,27): error C2079: 'RuntimeModule__Fields::_' usa struct 'Module__Fields' indefinido
X:\Thetan\unity-dx11-hook-main\dx11-hook-imgui-menu-base\dx11-hook-imgui-menu-base\appdata\il2cpp-types.h(29181,29): error C2079: 'RuntimeAssembly__Fields::_' usa struct 'Assembly__Fields' indefinido
X:\Thetan\unity-dx11-hook-main\dx11-hook-imgui-menu-base\dx11-hook-imgui-menu-base\appdata\il2cpp-types.h(29498,32): error C2079: 'ReflectionOnlyType__Fields::_' usa struct 'RuntimeType__Fields' indefinido
X:\Thetan\unity-dx11-hook-main\dx11-hook-imgui-menu-base\dx11-hook-imgui-menu-base\appdata\il2cpp-types.h(29774,36): error C2079: 'StackOverflowException__Fields::_' usa struct 'SystemException__Fields' indefinido
X:\Thetan\unity-dx11-hook-main\dx11-hook-imgui-menu-base\dx11-hook-imgui-menu-base\appdata\il2cpp-types.h(30682,26): error C3646: '_options': especificador de substituição desconhecido
X:\Thetan\unity-dx11-hook-main\dx11-hook-imgui-menu-base\dx11-hook-imgui-menu-base\appdata\il2cpp-types.h(30682,34): error C4430: faltando especificador de tipo - int assumido. Observação: C++ não suporta default-int
X:\Thetan\unity-dx11-hook-main\dx11-hook-imgui-menu-base\dx11-hook-imgui-menu-base\appdata\il2cpp-types.h(30847,36): error C2079: 'TimeoutException__Fields::_' usa struct 'SystemException__Fields' indefinido
X:\Thetan\unity-dx11-hook-main\dx11-hook-imgui-menu-base\dx11-hook-imgui-menu-base\appdata\il2cpp-types.h(30899,21): error C2079: 'TimeZoneInfo_TransitionTime::m_timeOfDay' usa struct 'DateTime' indefinido
X:\Thetan\unity-dx11-hook-main\dx11-hook-imgui-menu-base\dx11-hook-imgui-menu-base\appdata\il2cpp-types.h(30904,21): error C3646: 'm_dayOfWeek': especificador de substituição desconhecido
X:\Thetan\unity-dx11-hook-main\dx11-hook-imgui-menu-base\dx11-hook-imgui-menu-base\appdata\il2cpp-types.h(30904,32): error C4430: faltando especificador de tipo - int assumido. Observação: C++ não suporta default-int
X:\Thetan\unity-dx11-hook-main\dx11-hook-imgui-menu-base\dx11-hook-imgui-menu-base\appdata\il2cpp-types.h(30918,21): error C2079: 'TimeZoneInfo_AdjustmentRule__Fields::m_dateStart' usa struct 'DateTime' indefinido
X:\Thetan\unity-dx11-hook-main\dx11-hook-imgui-menu-base\dx11-hook-imgui-menu-base\appdata\il2cpp-types.h(30919,21): error C2079: 'TimeZoneInfo_AdjustmentRule__Fields::m_dateEnd' usa struct 'DateTime' indefinido
X:\Thetan\unity-dx11-hook-main\dx11-hook-imgui-menu-base\dx11-hook-imgui-menu-base\appdata\il2cpp-types.h(30920,21): error C2079: 'TimeZoneInfo_AdjustmentRule__Fields::m_daylightDelta' usa struct 'TimeSpan' indefinido
X:\Thetan\unity-dx11-hook-main\dx11-hook-imgui-menu-base\dx11-hook-imgui-menu-base\appdata\il2cpp-types.h(30923,21): error C2079: 'TimeZoneInfo_AdjustmentRule__Fields::m_baseUtcOffsetDelta' usa struct 'TimeSpan' indefinido
X:\Thetan\unity-dx11-hook-main\dx11-hook-imgui-menu-base\dx11-hook-imgui-menu-base\appdata\il2cpp-types.h(31087,21): error C2079: 'TimeZoneInfo__Fields::baseUtcOffset' usa struct 'TimeSpan' indefinido
X:\Thetan\unity-dx11-hook-main\dx11-hook-imgui-menu-base\dx11-hook-imgui-menu-base\appdata\il2cpp-types.h(31117,21): error C2079: 'KeyValuePair_2_System_DateTime_System_TimeType_::key' usa struct 'DateTime' indefinido
X:\Thetan\unity-dx11-hook-main\dx11-hook-imgui-menu-base\dx11-hook-imgui-menu-base\appdata\il2cpp-types.h(32406,38): error C2079: 'Comparison_1_TimeZoneInfo_AdjustmentRule___Fields::_' usa struct 'MulticastDelegate__Fields' indefinido
X:\Thetan\unity-dx11-hook-main\dx11-hook-imgui-menu-base\dx11-hook-imgui-menu-base\appdata\il2cpp-types.h(32467,30): error C2079: 'TimeZoneNotFoundException__Fields::_' usa struct 'Exception__Fields' indefinido
X:\Thetan\unity-dx11-hook-main\dx11-hook-imgui-menu-base\dx11-hook-imgui-menu-base\appdata\il2cpp-types.h(32506,38): error C2079: 'Func_2_System_Reflection_AssemblyName_System_Reflection_Assembly___Fields::_' usa struct 'MulticastDelegate__Fields' indefinido
X:\Thetan\unity-dx11-hook-main\dx11-hook-imgui-menu-base\dx11-hook-imgui-menu-base\appdata\il2cpp-types.h(32516,38): error C2079: 'Func_4_System_Reflection_Assembly_String_Boolean_Type___Fields::_' usa struct 'MulticastDelegate__Fields' indefinido
X:\Thetan\unity-dx11-hook-main\dx11-hook-imgui-menu-base\dx11-hook-imgui-menu-base\appdata\il2cpp-types.h(32601,36): error C2079: 'TypeInitializationException__Fields::_' usa struct 'SystemException__Fields' indefinido
X:\Thetan\unity-dx11-hook-main\dx11-hook-imgui-menu-base\dx11-hook-imgui-menu-base\appdata\il2cpp-types.h(32656,36): error C2079: 'UnauthorizedAccessException__Fields::_' usa struct 'SystemException__Fields' indefinido
X:\Thetan\unity-dx11-hook-main\dx11-hook-imgui-menu-base\dx11-hook-imgui-menu-base\appdata\il2cpp-types.h(32725,38): error C2079: 'UnhandledExceptionEventHandler__Fields::_' usa struct 'MulticastDelegate__Fields' indefinido
X:\Thetan\unity-dx11-hook-main\dx11-hook-imgui-menu-base\dx11-hook-imgui-menu-base\appdata\il2cpp-types.h(32994,39): error C2079: 'AppDomain__Fields::_' usa struct 'MarshalByRefObject__Fields' indefinido
X:\Thetan\unity-dx11-hook-main\dx11-hook-imgui-menu-base\dx11-hook-imgui-menu-base\appdata\il2cpp-types.h(33105,38): error C2079: 'AssemblyLoadEventHandler__Fields::_' usa struct 'MulticastDelegate__Fields' indefinido
X:\Thetan\unity-dx11-hook-main\dx11-hook-imgui-menu-base\dx11-hook-imgui-menu-base\appdata\il2cpp-types.h(33125,38): error C2079: 'ResolveEventHandler__Fields::_' usa struct 'MulticastDelegate__Fields' indefinido
X:\Thetan\unity-dx11-hook-main\dx11-hook-imgui-menu-base\dx11-hook-imgui-menu-base\appdata\il2cpp-types.h(33146,38): error C2079: 'EventHandler_1_System_Runtime_ExceptionServices_FirstChanceExceptionEventArgs___Fields::_' usa struct 'MulticastDelegate__Fields' indefinido
X:\Thetan\unity-dx11-hook-main\dx11-hook-imgui-menu-base\dx11-hook-imgui-menu-base\appdata\il2cpp-types.h(33742,39): error C2079: 'ContextCallbackObject__Fields::_' usa struct 'ContextBoundObject__Fields' indefinido
X:\Thetan\unity-dx11-hook-main\dx11-hook-imgui-menu-base\dx11-hook-imgui-menu-base\appdata\il2cpp-types.h(34452,39): error C2079: 'TextWriter__Fields::_' usa struct 'MarshalByRefObject__Fields' indefinido
X:\Thetan\unity-dx11-hook-main\dx11-hook-imgui-menu-base\dx11-hook-imgui-menu-base\appdata\il2cpp-types.h(34583,38): error C2079: 'Console_WindowsConsole_WindowsCancelHandler__Fields::_' usa struct 'MulticastDelegate__Fields' indefinido
X:\Thetan\unity-dx11-hook-main\dx11-hook-imgui-menu-base\dx11-hook-imgui-menu-base\appdata\il2cpp-types.h(34623,38): error C2079: 'Console_InternalCancelHandler__Fields::_' usa struct 'MulticastDelegate__Fields' indefinido
X:\Thetan\unity-dx11-hook-main\dx11-hook-imgui-menu-base\dx11-hook-imgui-menu-base\appdata\il2cpp-types.h(34857,39): error C2079: 'Lease__Fields::_' usa struct 'MarshalByRefObject__Fields' indefinido
X:\Thetan\unity-dx11-hook-main\dx11-hook-imgui-menu-base\dx11-hook-imgui-menu-base\appdata\il2cpp-types.h(34858,21): error C2079: 'Lease__Fields::_leaseExpireTime' usa struct 'DateTime' indefinido
X:\Thetan\unity-dx11-hook-main\dx11-hook-imgui-menu-base\dx11-hook-imgui-menu-base\appdata\il2cpp-types.h(34864,21): error C2079: 'Lease__Fields::_initialLeaseTime' usa struct 'TimeSpan' indefinido
X:\Thetan\unity-dx11-hook-main\dx11-hook-imgui-menu-base\dx11-hook-imgui-menu-base\appdata\il2cpp-types.h(34865,21): error C2079: 'Lease__Fields::_renewOnCallTime' usa struct 'TimeSpan' indefinido
X:\Thetan\unity-dx11-hook-main\dx11-hook-imgui-menu-base\dx11-hook-imgui-menu-base\appdata\il2cpp-types.h(34866,21): error C2079: 'Lease__Fields::_sponsorshipTimeout' usa struct 'TimeSpan' indefinido
X:\Thetan\unity-dx11-hook-main\dx11-hook-imgui-menu-base\dx11-hook-imgui-menu-base\appdata\il2cpp-types.h(34895,38): error C2079: 'Lease_RenewalDelegate__Fields::_' usa struct 'MulticastDelegate__Fields' indefinido
X:\Thetan\unity-dx11-hook-main\dx11-hook-imgui-menu-base\dx11-hook-imgui-menu-base\appdata\il2cpp-types.h(35531,27): error C2079: 'NullConsoleDriver__StaticFields::EmptyConsoleKeyInfo' usa struct 'ConsoleKeyInfo' indefinido
X:\Thetan\unity-dx11-hook-main\dx11-hook-imgui-menu-base\dx11-hook-imgui-menu-base\appdata\il2cpp-types.h(35695,38): error C2079: 'Action_1_System_Threading_AsyncLocalValueChangedArgs_1___Fields::_' usa struct 'MulticastDelegate__Fields' indefinido
X:\Thetan\unity-dx11-hook-main\dx11-hook-imgui-menu-base\dx11-hook-imgui-menu-base\appdata\il2cpp-types.h(36197,31): error C2079: 'StreamReader__Fields::_' usa struct 'TextReader__Fields' indefinido
X:\Thetan\unity-dx11-hook-main\dx11-hook-imgui-menu-base\dx11-hook-imgui-menu-base\appdata\il2cpp-types.h(38588,38): error C2079: 'DecoderFallbackException__Fields::_' usa struct 'ArgumentException__Fields' indefinido
X:\Thetan\unity-dx11-hook-main\dx11-hook-imgui-menu-base\dx11-hook-imgui-menu-base\appdata\il2cpp-types.h(38766,38): error C2079: 'EncoderFallbackException__Fields::_' usa struct 'ArgumentException__Fields' indefinido
X:\Thetan\unity-dx11-hook-main\dx11-hook-imgui-menu-base\dx11-hook-imgui-menu-base\appdata\il2cpp-types.h(40676,36): error C2079: 'MissingManifestResourceException__Fields::_' usa struct 'SystemException__Fields' indefinido
X:\Thetan\unity-dx11-hook-main\dx11-hook-imgui-menu-base\dx11-hook-imgui-menu-base\appdata\il2cpp-types.h(40715,36): error C2079: 'MissingSatelliteAssemblyException__Fields::_' usa struct 'SystemException__Fields' indefinido
X:\Thetan\unity-dx11-hook-main\dx11-hook-imgui-menu-base\dx11-hook-imgui-menu-base\appdata\il2cpp-types.h(41213,29): error C2079: 'BinaryFormatter__Fields::m_context' usa struct 'StreamingContext' indefinido
X:\Thetan\unity-dx11-hook-main\dx11-hook-imgui-menu-base\dx11-hook-imgui-menu-base\appdata\il2cpp-types.h(41372,38): error C2079: 'Func_2_Newtonsoft_Json_Utilities_StructMultiKey_2_Type___Fields::_' usa struct 'MulticastDelegate__Fields' indefinido
X:\Thetan\unity-dx11-hook-main\dx11-hook-imgui-menu-base\dx11-hook-imgui-menu-base\appdata\il2cpp-types.h(41511,38): error C2079: 'HeaderHandler__Fields::_' usa struct 'MulticastDelegate__Fields' indefinido
X:\Thetan\unity-dx11-hook-main\dx11-hook-imgui-menu-base\dx11-hook-imgui-menu-base\appdata\il2cpp-types.h(42957,36): error C2079: 'AmbiguousMatchException__Fields::_' usa struct 'SystemException__Fields' indefinido
X:\Thetan\unity-dx11-hook-main\dx11-hook-imgui-menu-base\dx11-hook-imgui-menu-base\appdata\il2cpp-types.h(43445,41): error C2079: 'InvalidFilterCriteriaException__Fields::_' usa struct 'ApplicationException__Fields' indefinido
X:\Thetan\unity-dx11-hook-main\dx11-hook-imgui-menu-base\dx11-hook-imgui-menu-base\appdata\il2cpp-types.h(43489,23): error C3646: 'm_memberType': especificador de substituição desconhecido
X:\Thetan\unity-dx11-hook-main\dx11-hook-imgui-menu-base\dx11-hook-imgui-menu-base\appdata\il2cpp-types.h(43489,35): error C4430: faltando especificador de tipo - int assumido. Observação: C++ não suporta default-int
X:\Thetan\unity-dx11-hook-main\dx11-hook-imgui-menu-base\dx11-hook-imgui-menu-base\appdata\il2cpp-types.h(43557,36): error C2079: 'ReflectionTypeLoadException__Fields::_' usa struct 'SystemException__Fields' indefinido
X:\Thetan\unity-dx11-hook-main\dx11-hook-imgui-menu-base\dx11-hook-imgui-menu-base\appdata\il2cpp-types.h(43598,41): error C2079: 'TargetException__Fields::_' usa struct 'ApplicationException__Fields' indefinido
X:\Thetan\unity-dx11-hook-main\dx11-hook-imgui-menu-base\dx11-hook-imgui-menu-base\appdata\il2cpp-types.h(43637,41): error C2079: 'TargetInvocationException__Fields::_' usa struct 'ApplicationException__Fields' indefinido
X:\Thetan\unity-dx11-hook-main\dx11-hook-imgui-menu-base\dx11-hook-imgui-menu-base\appdata\il2cpp-types.h(43676,41): error C2079: 'TargetParameterCountException__Fields::_' usa struct 'ApplicationException__Fields' indefinido
X:\Thetan\unity-dx11-hook-main\dx11-hook-imgui-menu-base\dx11-hook-imgui-menu-base\appdata\il2cpp-types.h(43730,42): error C2079: 'Assembly_UnmanagedMemoryStreamForModule__Fields::_' usa struct 'UnmanagedMemoryStream__Fields' indefinido
X:\Thetan\unity-dx11-hook-main\dx11-hook-imgui-menu-base\dx11-hook-imgui-menu-base\appdata\il2cpp-types.h(43811,36): error C2079: 'CustomAttributeFormatException__Fields::_' usa struct 'FormatException__Fields' indefinido
X:\Thetan\unity-dx11-hook-main\dx11-hook-imgui-menu-base\dx11-hook-imgui-menu-base\appdata\il2cpp-types.h(44090,28): error C3646: 'attrs': especificador de substituição desconhecido
X:\Thetan\unity-dx11-hook-main\dx11-hook-imgui-menu-base\dx11-hook-imgui-menu-base\appdata\il2cpp-types.h(44090,33): error C4430: faltando especificador de tipo - int assumido. Observação: C++ não suporta default-int
X:\Thetan\unity-dx11-hook-main\dx11-hook-imgui-menu-base\dx11-hook-imgui-menu-base\appdata\il2cpp-types.h(44095,32): error C3646: 'iattrs': especificador de substituição desconhecido
X:\Thetan\unity-dx11-hook-main\dx11-hook-imgui-menu-base\dx11-hook-imgui-menu-base\appdata\il2cpp-types.h(44095,38): error C4430: faltando especificador de tipo - int assumido. Observação: C++ não suporta default-int
X:\Thetan\unity-dx11-hook-main\dx11-hook-imgui-menu-base\dx11-hook-imgui-menu-base\appdata\il2cpp-types.h(44100,30): error C3646: 'callconv': especificador de substituição desconhecido
X:\Thetan\unity-dx11-hook-main\dx11-hook-imgui-menu-base\dx11-hook-imgui-menu-base\appdata\il2cpp-types.h(44100,38): error C4430: faltando especificador de tipo - int assumido. Observação: C++ não suporta default-int
X:\Thetan\unity-dx11-hook-main\dx11-hook-imgui-menu-base\dx11-hook-imgui-menu-base\appdata\il2cpp-types.h(44321,36): error C2079: 'RuntimeParameterInfo__Fields::_' usa struct 'ParameterInfo_1__Fields' indefinido
X:\Thetan\unity-dx11-hook-main\dx11-hook-imgui-menu-base\dx11-hook-imgui-menu-base\appdata\il2cpp-types.h(44482,29): error C2079: 'EnumBuilder__Fields::_' usa struct 'TypeInfo__Fields' indefinido
X:\Thetan\unity-dx11-hook-main\dx11-hook-imgui-menu-base\dx11-hook-imgui-menu-base\appdata\il2cpp-types.h(44687,29): error C2079: 'GenericTypeParameterBuilder__Fields::_' usa struct 'TypeInfo__Fields' indefinido
X:\Thetan\unity-dx11-hook-main\dx11-hook-imgui-menu-base\dx11-hook-imgui-menu-base\appdata\il2cpp-types.h(44964,29): error C2079: 'TypeBuilder__Fields::_' usa struct 'TypeInfo__Fields' indefinido
X:\Thetan\unity-dx11-hook-main\dx11-hook-imgui-menu-base\dx11-hook-imgui-menu-base\appdata\il2cpp-types.h(45303,39): error C2079: 'FileSystemInfo__Fields::_' usa struct 'MarshalByRefObject__Fields' indefinido
X:\Thetan\unity-dx11-hook-main\dx11-hook-imgui-menu-base\dx11-hook-imgui-menu-base\appdata\il2cpp-types.h(45511,32): error C2079: 'DirectoryNotFoundException__Fields::_' usa struct 'IOException__Fields' indefinido
X:\Thetan\unity-dx11-hook-main\dx11-hook-imgui-menu-base\dx11-hook-imgui-menu-base\appdata\il2cpp-types.h(45550,32): error C2079: 'DriveNotFoundException__Fields::_' usa struct 'IOException__Fields' indefinido
X:\Thetan\unity-dx11-hook-main\dx11-hook-imgui-menu-base\dx11-hook-imgui-menu-base\appdata\il2cpp-types.h(45589,32): error C2079: 'EndOfStreamException__Fields::_' usa struct 'IOException__Fields' indefinido
X:\Thetan\unity-dx11-hook-main\dx11-hook-imgui-menu-base\dx11-hook-imgui-menu-base\appdata\il2cpp-types.h(45628,32): error C2079: 'FileLoadException__Fields::_' usa struct 'IOException__Fields' indefinido
X:\Thetan\unity-dx11-hook-main\dx11-hook-imgui-menu-base\dx11-hook-imgui-menu-base\appdata\il2cpp-types.h(45669,32): error C2079: 'FileNotFoundException__Fields::_' usa struct 'IOException__Fields' indefinido
X:\Thetan\unity-dx11-hook-main\dx11-hook-imgui-menu-base\dx11-hook-imgui-menu-base\appdata\il2cpp-types.h(45799,27): error C2079: 'MemoryStream__Fields::_' usa struct 'Stream__Fields' indefinido
X:\Thetan\unity-dx11-hook-main\dx11-hook-imgui-menu-base\dx11-hook-imgui-menu-base\appdata\il2cpp-types.h(45873,32): error C2079: 'PathTooLongException__Fields::_' usa struct 'IOException__Fields' indefinido
X:\Thetan\unity-dx11-hook-main\dx11-hook-imgui-menu-base\dx11-hook-imgui-menu-base\appdata\il2cpp-types.h(45912,42): error C2079: 'PinnedBufferMemoryStream__Fields::_' usa struct 'UnmanagedMemoryStream__Fields' indefinido
X:\Thetan\unity-dx11-hook-main\dx11-hook-imgui-menu-base\dx11-hook-imgui-menu-base\appdata\il2cpp-types.h(45974,27): error C2079: 'Stream_NullStream__Fields::_' usa struct 'Stream__Fields' indefinido
X:\Thetan\unity-dx11-hook-main\dx11-hook-imgui-menu-base\dx11-hook-imgui-menu-base\appdata\il2cpp-types.h(46078,38): error C2079: 'Func_1_System_Threading_ManualResetEvent___Fields::_' usa struct 'MulticastDelegate__Fields' indefinido
X:\Thetan\unity-dx11-hook-main\dx11-hook-imgui-menu-base\dx11-hook-imgui-menu-base\appdata\il2cpp-types.h(46144,38): error C2079: 'Func_1_System_Threading_SemaphoreSlim___Fields::_' usa struct 'MulticastDelegate__Fields' indefinido
X:\Thetan\unity-dx11-hook-main\dx11-hook-imgui-menu-base\dx11-hook-imgui-menu-base\appdata\il2cpp-types.h(46154,38): error C2079: 'Func_5_System_IO_Stream_System_IO_Stream_ReadWriteParameters_AsyncCallback_Object_IAsyncResult___Fields::_' usa struct 'MulticastDelegate__Fields' indefinido
X:\Thetan\unity-dx11-hook-main\dx11-hook-imgui-menu-base\dx11-hook-imgui-menu-base\appdata\il2cpp-types.h(46176,38): error C2079: 'Func_3_System_IO_Stream_IAsyncResult_Int32___Fields::_' usa struct 'MulticastDelegate__Fields' indefinido
X:\Thetan\unity-dx11-hook-main\dx11-hook-imgui-menu-base\dx11-hook-imgui-menu-base\appdata\il2cpp-types.h(46186,38): error C2079: 'Action_2_System_Threading_Tasks_Task_Object___Fields::_' usa struct 'MulticastDelegate__Fields' indefinido
X:\Thetan\unity-dx11-hook-main\dx11-hook-imgui-menu-base\dx11-hook-imgui-menu-base\appdata\il2cpp-types.h(46196,38): error C2079: 'Func_3_System_IO_Stream_IAsyncResult_System_Threading_Tasks_VoidTaskResult___Fields::_' usa struct 'MulticastDelegate__Fields' indefinido
X:\Thetan\unity-dx11-hook-main\dx11-hook-imgui-menu-base\dx11-hook-imgui-menu-base\appdata\il2cpp-types.h(46196,39): fatal error C1003: contador de erros excede 100; interrompendo compilação
  dllmain.cpp
X:\Thetan\unity-dx11-hook-main\dx11-hook-imgui-menu-base\dx11-hook-imgui-menu-base\framework\dllmain.cpp(7,10): fatal error C1083: Não é possível abrir arquivo incluir: 'main.h': No such file or directory
  helpers.cpp
